Arguments: 
  /home/niconiahi/.asdf/installs/nodejs/16.10.0/bin/node /home/niconiahi/.asdf/installs/nodejs/16.10.0/.npm/bin/yarn global dir --json

PATH: 
  /home/niconiahi/.asdf/plugins/nodejs/shims:/home/niconiahi/.asdf/installs/nodejs/16.10.0/.npm/bin:/home/niconiahi/.asdf/installs/nodejs/16.10.0/bin:/home/niconiahi/.fly/bin:/home/niconiahi/.asdf/shims:/home/niconiahi/.asdf/bin:/home/niconiahi/.local/bin:/usr/local/bin:/usr/bin:/bin:/usr/local/sbin:/usr/bin/site_perl:/usr/bin/vendor_perl:/usr/bin/core_perl:/var/lib/snapd/snap/bin

Yarn version: 
  1.22.11

Node version: 
  16.10.0

Platform: 
  linux x64

Trace: 
  SyntaxError: /home/niconiahi/Documents/projects/web3/package.json: Unexpected token } in JSON at position 1481
      at JSON.parse (<anonymous>)
      at /home/niconiahi/.asdf/installs/nodejs/16.10.0/.npm/lib/node_modules/yarn/lib/cli.js:1625:59
      at Generator.next (<anonymous>)
      at step (/home/niconiahi/.asdf/installs/nodejs/16.10.0/.npm/lib/node_modules/yarn/lib/cli.js:310:30)
      at /home/niconiahi/.asdf/installs/nodejs/16.10.0/.npm/lib/node_modules/yarn/lib/cli.js:321:13

npm manifest: 
  {
    "private": true,
    "name": "web3",
    "description": "My collection of web3 exercises, all in one place, well separated",
    "license": "MIT",
    "engines": {
      "node": ">=14"
    },
    "sideEffects": false,
    "main": "dist/worker.js",
    "scripts": {
      "start": "remix-serve build",
      "commit": "npx cz",
      "deploy": "fly deploy --remote-only",
      "reinstall": "rm -rf node_modules package-lock.json && npm i",
      "postinstall": "remix setup node",
      "build": "npm run build:css && npm run build:remix",
      "build:css": "postcss styles --base styles --dir app/styles --env production",
      "build:remix": "remix build",
      "dev": "concurrently \"npm run dev:remix\" \"npm run dev:css\"",
      "dev:css": "postcss styles --base styles --dir app/styles -w",
      "dev:remix": "remix dev",
      "hardhat:node": "hardhat node",
      "hardhat:compile": "hardhat compile",
      "hardhat:mint:deploy": "hardhat run scripts/mint/deploy.ts --network rinkeby",
      "hardhat:waver:run": "hardhat run scripts/wave/run.ts",
      "hardhat:waver:deploy": "hardhat run scripts/wave/deploy.ts --network rinkeby",
      "hardhat:greeter:run": "hardhat run scripts/greeter/run.ts",
      "hardhat:greeter:deploy": "hardhat run scripts/greeter/deploy.ts --network rinkeby"
    },
    "dependencies": {
      "remix": "^1.1.1",
      "react": "^17.0.2",
      "ethers": "^5.5.3",
      "react-dom": "^17.0.2",
      "tiny-invariant": "^1.2.0",
      "@remix-run/react": "^1.1.1",
      "@remix-run/serve": "^1.1.3",
    },
    "devDependencies": {
      "@commitlint/cli": "^16.0.2",
      "@commitlint/config-conventional": "^16.0.0",
      "@nomiclabs/hardhat-ethers": "^2.0.4",
      "@nomiclabs/hardhat-etherscan": "^3.0.0",
      "@nomiclabs/hardhat-waffle": "^2.0.1",
      "@remix-run/dev": "^1.1.1",
      "@typechain/ethers-v5": "^9.0.0",
      "@typechain/hardhat": "^4.0.0",
      "@types/chai": "^4.3.0",
      "@types/mocha": "^9.0.0",
      "@types/node": "^17.0.8",
      "@types/react": "^17.0.38",
      "@types/react-dom": "^17.0.11",
      "@typescript-eslint/eslint-plugin": "^5.9.1",
      "@typescript-eslint/parser": "^5.9.1",
      "chai": "^4.3.4",
      "commitizen": "^4.2.4",
      "concurrently": "^7.0.0",
      "cz-conventional-changelog": "^3.3.0",
      "dotenv": "^12.0.3",
      "esbuild": "0.14.11",
      "eslint": "^8.6.0",
      "eslint-config-prettier": "^8.3.0",
      "eslint-plugin-import": "^2.25.4",
      "eslint-plugin-jsx-a11y": "^6.5.1",
      "eslint-plugin-prettier": "^4.0.0",
      "eslint-plugin-react": "^7.28.0",
      "eslint-plugin-react-hooks": "^4.3.0",
      "ethereum-waffle": "^3.4.0",
      "hardhat": "^2.8.2",
      "hardhat-gas-reporter": "^1.0.7",
      "miniflare": "2.1.0",
      "postcss": "^8.4.5",
      "postcss-cli": "^9.1.0",
      "postcss-import": "^14.0.2",
      "prettier": "^2.5.1",
      "prettier-plugin-solidity": "1.0.0-beta.19",
      "solhint": "^3.3.6",
      "solidity-coverage": "^0.7.17",
      "tailwindcss": "^3.0.15",
      "ts-node": "^10.4.0",
      "typechain": "^7.0.0",
      "typescript": "^4.5.4"
    }
  }

yarn manifest: 
  No manifest

Lockfile: 
  No lockfile
